2025-03-10 14:02:23,947 [Worker-0: Loading available Gradle versions] INFO  o.e.b.c.i.u.g.PublishedGradleVersions - Gradle version information cache is not available. Remote download required.
2025-03-10 14:07:51,087 [Worker-8: Enabling Maven Dependency Management] INFO  o.e.m.c.i.e.AbstractTransferListenerAdapter - Downloading https://repo.maven.apache.org/maven2/org/apache/maven/plugins/maven-clean-plugin/3.2.0/maven-clean-plugin-3.2.0.jar
2025-03-10 14:07:51,206 [Worker-8: Enabling Maven Dependency Management] INFO  o.e.m.c.i.e.AbstractTransferListenerAdapter - Downloaded https://repo.maven.apache.org/maven2/org/apache/maven/plugins/maven-clean-plugin/3.2.0/maven-clean-plugin-3.2.0.jar
2025-03-10 14:07:51,359 [Worker-8: Enabling Maven Dependency Management] INFO  o.e.m.c.i.e.AbstractTransferListenerAdapter - Downloading https://repo.maven.apache.org/maven2/org/apache/maven/plugins/maven-surefire-plugin/3.2.5/maven-surefire-plugin-3.2.5.jar
2025-03-10 14:07:51,413 [Worker-8: Enabling Maven Dependency Management] INFO  o.e.m.c.i.e.AbstractTransferListenerAdapter - Downloaded https://repo.maven.apache.org/maven2/org/apache/maven/plugins/maven-surefire-plugin/3.2.5/maven-surefire-plugin-3.2.5.jar
2025-03-10 14:07:51,512 [Worker-8: Enabling Maven Dependency Management] INFO  o.e.m.c.i.e.AbstractTransferListenerAdapter - Downloading https://repo.maven.apache.org/maven2/org/apache/maven/plugins/maven-jar-plugin/3.4.1/maven-jar-plugin-3.4.1.jar
2025-03-10 14:07:51,563 [Worker-8: Enabling Maven Dependency Management] INFO  o.e.m.c.i.e.AbstractTransferListenerAdapter - Downloaded https://repo.maven.apache.org/maven2/org/apache/maven/plugins/maven-jar-plugin/3.4.1/maven-jar-plugin-3.4.1.jar
2025-03-10 14:07:52,370 [Worker-8: Enabling Maven Dependency Management] INFO  o.e.m.c.i.l.LifecycleMappingFactory - Using org.eclipse.m2e.jdt.JarLifecycleMapping lifecycle mapping for MavenProject: TestNG:TestNG:0.0.1-SNAPSHOT @ C:\Users\Dell\Java_Selenium\TestNG\pom.xml.
2025-03-10 14:07:52,591 [Worker-8: Enabling Maven Dependency Management] INFO  o.e.m.c.i.e.AbstractTransferListenerAdapter - Downloading https://repo.maven.apache.org/maven2/org/apache/maven/plugins/maven-surefire-plugin/3.2.5/maven-surefire-plugin-3.2.5.pom
2025-03-10 14:07:52,614 [Worker-8: Enabling Maven Dependency Management] INFO  o.e.m.c.i.e.AbstractTransferListenerAdapter - Downloaded https://repo.maven.apache.org/maven2/org/apache/maven/plugins/maven-surefire-plugin/3.2.5/maven-surefire-plugin-3.2.5.pom
2025-03-10 14:07:52,723 [Worker-8: Enabling Maven Dependency Management] INFO  o.e.m.c.i.e.AbstractTransferListenerAdapter - Downloading https://repo.maven.apache.org/maven2/org/apache/maven/surefire/surefire/3.2.5/surefire-3.2.5.pom
2025-03-10 14:07:52,742 [Worker-8: Enabling Maven Dependency Management] INFO  o.e.m.c.i.e.AbstractTransferListenerAdapter - Downloaded https://repo.maven.apache.org/maven2/org/apache/maven/surefire/surefire/3.2.5/surefire-3.2.5.pom
2025-03-10 14:07:52,871 [Worker-8: Enabling Maven Dependency Management] INFO  o.e.m.c.i.e.AbstractTransferListenerAdapter - Downloading https://repo.maven.apache.org/maven2/org/apache/maven/plugins/maven-jar-plugin/3.4.1/maven-jar-plugin-3.4.1.pom
2025-03-10 14:07:52,887 [Worker-8: Enabling Maven Dependency Management] INFO  o.e.m.c.i.e.AbstractTransferListenerAdapter - Downloaded https://repo.maven.apache.org/maven2/org/apache/maven/plugins/maven-jar-plugin/3.4.1/maven-jar-plugin-3.4.1.pom
2025-03-10 14:07:57,367 [Worker-8: Enabling Maven Dependency Management] INFO  o.e.m.j.i.AbstractJavaProjectConfigurator - Adding source folder /TestNG/src
2025-03-10 14:07:57,372 [Worker-8: Enabling Maven Dependency Management] INFO  o.e.m.j.i.AbstractJavaProjectConfigurator - Resources folder /TestNG/src/main/resources overlaps with sources folder /TestNG/src
2025-03-10 14:07:57,376 [Worker-8: Enabling Maven Dependency Management] INFO  o.e.m.j.i.AbstractJavaProjectConfigurator - Not adding source folder /TestNG/src/test/java because it overlaps with /TestNG/src
2025-03-10 14:07:57,379 [Worker-8: Enabling Maven Dependency Management] INFO  o.e.m.j.i.AbstractJavaProjectConfigurator - Resources folder /TestNG/src/Test/resources overlaps with sources folder /TestNG/src
2025-03-10 14:07:57,561 [Worker-8: Enabling Maven Dependency Management] INFO  o.e.m.jdt.internal.UnitTestSupport - Reset launch configuration name: Intro
2025-03-10 14:07:57,562 [Worker-8: Enabling Maven Dependency Management] INFO  o.e.m.jdt.internal.UnitTestSupport - Updating Intro from maven configuration
2025-03-10 14:07:57,712 [Worker-8: Enabling Maven Dependency Management] INFO  o.e.m.c.i.e.AbstractTransferListenerAdapter - Downloading https://repo.maven.apache.org/maven2/org/apache/maven/surefire/maven-surefire-common/3.2.5/maven-surefire-common-3.2.5.pom
2025-03-10 14:07:57,726 [Worker-8: Enabling Maven Dependency Management] INFO  o.e.m.c.i.e.AbstractTransferListenerAdapter - Downloaded https://repo.maven.apache.org/maven2/org/apache/maven/surefire/maven-surefire-common/3.2.5/maven-surefire-common-3.2.5.pom
2025-03-10 14:07:57,849 [Worker-8: Enabling Maven Dependency Management] INFO  o.e.m.c.i.e.AbstractTransferListenerAdapter - Downloading https://repo.maven.apache.org/maven2/org/apache/maven/surefire/surefire-api/3.2.5/surefire-api-3.2.5.pom
2025-03-10 14:07:57,863 [Worker-8: Enabling Maven Dependency Management] INFO  o.e.m.c.i.e.AbstractTransferListenerAdapter - Downloaded https://repo.maven.apache.org/maven2/org/apache/maven/surefire/surefire-api/3.2.5/surefire-api-3.2.5.pom
2025-03-10 14:07:57,909 [Worker-15: Building] WARN  o.a.m.s.f.DefaultMavenResourcesFiltering - Using platform encoding (UTF-8 actually) to copy filtered resources, i.e. build is platform dependent!
2025-03-10 14:07:57,913 [Worker-15: Building] INFO  o.a.m.s.f.DefaultMavenResourcesFiltering - skip non existing resourceDirectory C:\Users\Dell\Java_Selenium\TestNG\src\main\resources
2025-03-10 14:07:57,923 [Worker-15: Building] WARN  o.a.m.s.f.DefaultMavenResourcesFiltering - Using platform encoding (UTF-8 actually) to copy filtered resources, i.e. build is platform dependent!
2025-03-10 14:07:57,925 [Worker-15: Building] INFO  o.a.m.s.f.DefaultMavenResourcesFiltering - skip non existing resourceDirectory C:\Users\Dell\Java_Selenium\TestNG\src\test\resources
2025-03-10 14:07:57,989 [Worker-8: Enabling Maven Dependency Management] INFO  o.e.m.c.i.e.AbstractTransferListenerAdapter - Downloading https://repo.maven.apache.org/maven2/org/apache/maven/surefire/surefire-logger-api/3.2.5/surefire-logger-api-3.2.5.pom
2025-03-10 14:07:58,002 [Worker-8: Enabling Maven Dependency Management] INFO  o.e.m.c.i.e.AbstractTransferListenerAdapter - Downloaded https://repo.maven.apache.org/maven2/org/apache/maven/surefire/surefire-logger-api/3.2.5/surefire-logger-api-3.2.5.pom
2025-03-10 14:07:58,100 [Worker-8: Enabling Maven Dependency Management] INFO  o.e.m.c.i.e.AbstractTransferListenerAdapter - Downloading https://repo.maven.apache.org/maven2/org/apache/maven/surefire/surefire-shared-utils/3.2.5/surefire-shared-utils-3.2.5.pom
2025-03-10 14:07:58,114 [Worker-8: Enabling Maven Dependency Management] INFO  o.e.m.c.i.e.AbstractTransferListenerAdapter - Downloaded https://repo.maven.apache.org/maven2/org/apache/maven/surefire/surefire-shared-utils/3.2.5/surefire-shared-utils-3.2.5.pom
2025-03-10 14:07:58,287 [Worker-8: Enabling Maven Dependency Management] INFO  o.e.m.c.i.e.AbstractTransferListenerAdapter - Downloading https://repo.maven.apache.org/maven2/org/apache/maven/surefire/surefire-extensions-api/3.2.5/surefire-extensions-api-3.2.5.pom
2025-03-10 14:07:58,328 [Worker-8: Enabling Maven Dependency Management] INFO  o.e.m.c.i.e.AbstractTransferListenerAdapter - Downloaded https://repo.maven.apache.org/maven2/org/apache/maven/surefire/surefire-extensions-api/3.2.5/surefire-extensions-api-3.2.5.pom
2025-03-10 14:07:58,443 [Worker-8: Enabling Maven Dependency Management] INFO  o.e.m.c.i.e.AbstractTransferListenerAdapter - Downloading https://repo.maven.apache.org/maven2/org/apache/maven/surefire/surefire-booter/3.2.5/surefire-booter-3.2.5.pom
2025-03-10 14:07:58,457 [Worker-8: Enabling Maven Dependency Management] INFO  o.e.m.c.i.e.AbstractTransferListenerAdapter - Downloaded https://repo.maven.apache.org/maven2/org/apache/maven/surefire/surefire-booter/3.2.5/surefire-booter-3.2.5.pom
2025-03-10 14:07:58,546 [Worker-8: Enabling Maven Dependency Management] INFO  o.e.m.c.i.e.AbstractTransferListenerAdapter - Downloading https://repo.maven.apache.org/maven2/org/apache/maven/surefire/surefire-extensions-spi/3.2.5/surefire-extensions-spi-3.2.5.pom
2025-03-10 14:07:58,559 [Worker-8: Enabling Maven Dependency Management] INFO  o.e.m.c.i.e.AbstractTransferListenerAdapter - Downloaded https://repo.maven.apache.org/maven2/org/apache/maven/surefire/surefire-extensions-spi/3.2.5/surefire-extensions-spi-3.2.5.pom
2025-03-10 14:07:58,956 [Worker-8: Enabling Maven Dependency Management] INFO  o.e.m.c.i.e.AbstractTransferListenerAdapter - Downloading https://repo.maven.apache.org/maven2/org/codehaus/plexus/plexus-component-annotations/1.5.5/plexus-component-annotations-1.5.5.pom
2025-03-10 14:07:58,968 [Worker-8: Enabling Maven Dependency Management] INFO  o.e.m.c.i.e.AbstractTransferListenerAdapter - Downloaded https://repo.maven.apache.org/maven2/org/codehaus/plexus/plexus-component-annotations/1.5.5/plexus-component-annotations-1.5.5.pom
2025-03-10 14:07:59,057 [Worker-8: Enabling Maven Dependency Management] INFO  o.e.m.c.i.e.AbstractTransferListenerAdapter - Downloading https://repo.maven.apache.org/maven2/org/codehaus/plexus/plexus-containers/1.5.5/plexus-containers-1.5.5.pom
2025-03-10 14:07:59,069 [Worker-8: Enabling Maven Dependency Management] INFO  o.e.m.c.i.e.AbstractTransferListenerAdapter - Downloaded https://repo.maven.apache.org/maven2/org/codehaus/plexus/plexus-containers/1.5.5/plexus-containers-1.5.5.pom
2025-03-10 14:07:59,227 [Worker-8: Enabling Maven Dependency Management] INFO  o.e.m.c.i.e.AbstractTransferListenerAdapter - Downloading https://repo.maven.apache.org/maven2/org/eclipse/sisu/org.eclipse.sisu.plexus/0.9.0.M2/org.eclipse.sisu.plexus-0.9.0.M2.pom
2025-03-10 14:07:59,334 [Worker-8: Enabling Maven Dependency Management] INFO  o.e.m.c.i.e.AbstractTransferListenerAdapter - Downloaded https://repo.maven.apache.org/maven2/org/eclipse/sisu/org.eclipse.sisu.plexus/0.9.0.M2/org.eclipse.sisu.plexus-0.9.0.M2.pom
2025-03-10 14:07:59,413 [Worker-8: Enabling Maven Dependency Management] INFO  o.e.m.c.i.e.AbstractTransferListenerAdapter - Downloading https://repo.maven.apache.org/maven2/org/eclipse/sisu/sisu-plexus/0.9.0.M2/sisu-plexus-0.9.0.M2.pom
2025-03-10 14:07:59,437 [Worker-8: Enabling Maven Dependency Management] INFO  o.e.m.c.i.e.AbstractTransferListenerAdapter - Downloaded https://repo.maven.apache.org/maven2/org/eclipse/sisu/sisu-plexus/0.9.0.M2/sisu-plexus-0.9.0.M2.pom
2025-03-10 14:07:59,582 [Worker-8: Enabling Maven Dependency Management] INFO  o.e.m.c.i.e.AbstractTransferListenerAdapter - Downloading https://repo.maven.apache.org/maven2/org/eclipse/sisu/org.eclipse.sisu.inject/0.9.0.M2/org.eclipse.sisu.inject-0.9.0.M2.pom
2025-03-10 14:07:59,602 [Worker-8: Enabling Maven Dependency Management] INFO  o.e.m.c.i.e.AbstractTransferListenerAdapter - Downloaded https://repo.maven.apache.org/maven2/org/eclipse/sisu/org.eclipse.sisu.inject/0.9.0.M2/org.eclipse.sisu.inject-0.9.0.M2.pom
2025-03-10 14:07:59,690 [Worker-8: Enabling Maven Dependency Management] INFO  o.e.m.c.i.e.AbstractTransferListenerAdapter - Downloading https://repo.maven.apache.org/maven2/org/eclipse/sisu/sisu-inject/0.9.0.M2/sisu-inject-0.9.0.M2.pom
2025-03-10 14:07:59,712 [Worker-8: Enabling Maven Dependency Management] INFO  o.e.m.c.i.e.AbstractTransferListenerAdapter - Downloaded https://repo.maven.apache.org/maven2/org/eclipse/sisu/sisu-inject/0.9.0.M2/sisu-inject-0.9.0.M2.pom
2025-03-10 14:07:59,967 [Worker-8: Enabling Maven Dependency Management] INFO  o.e.m.c.i.e.AbstractTransferListenerAdapter - Downloading https://repo.maven.apache.org/maven2/commons-io/commons-io/2.15.1/commons-io-2.15.1.pom
2025-03-10 14:07:59,991 [Worker-8: Enabling Maven Dependency Management] INFO  o.e.m.c.i.e.AbstractTransferListenerAdapter - Downloaded https://repo.maven.apache.org/maven2/commons-io/commons-io/2.15.1/commons-io-2.15.1.pom
2025-03-10 14:08:00,152 [Worker-8: Enabling Maven Dependency Management] INFO  o.e.m.c.i.e.AbstractTransferListenerAdapter - Downloading https://repo.maven.apache.org/maven2/org/apache/maven/surefire/maven-surefire-common/3.2.5/maven-surefire-common-3.2.5.jar
2025-03-10 14:08:00,474 [Worker-8: Enabling Maven Dependency Management] INFO  o.e.m.c.i.e.AbstractTransferListenerAdapter - Downloaded https://repo.maven.apache.org/maven2/org/apache/maven/surefire/maven-surefire-common/3.2.5/maven-surefire-common-3.2.5.jar
2025-03-10 14:08:00,557 [BasicRepositoryConnector-repo.maven.apache.org-0-0] INFO  o.e.m.c.i.e.AbstractTransferListenerAdapter - Downloading https://repo.maven.apache.org/maven2/org/apache/maven/surefire/surefire-api/3.2.5/surefire-api-3.2.5.jar
2025-03-10 14:08:00,724 [BasicRepositoryConnector-repo.maven.apache.org-0-0] INFO  o.e.m.c.i.e.AbstractTransferListenerAdapter - Downloaded https://repo.maven.apache.org/maven2/org/apache/maven/surefire/surefire-api/3.2.5/surefire-api-3.2.5.jar
2025-03-10 14:08:00,777 [BasicRepositoryConnector-repo.maven.apache.org-0-1] INFO  o.e.m.c.i.e.AbstractTransferListenerAdapter - Downloading https://repo.maven.apache.org/maven2/org/apache/maven/surefire/surefire-logger-api/3.2.5/surefire-logger-api-3.2.5.jar
2025-03-10 14:08:00,792 [BasicRepositoryConnector-repo.maven.apache.org-0-0] INFO  o.e.m.c.i.e.AbstractTransferListenerAdapter - Downloading https://repo.maven.apache.org/maven2/org/eclipse/aether/aether-util/1.0.0.v20140518/aether-util-1.0.0.v20140518.jar
2025-03-10 14:08:00,794 [BasicRepositoryConnector-repo.maven.apache.org-0-4] INFO  o.e.m.c.i.e.AbstractTransferListenerAdapter - Downloading https://repo.maven.apache.org/maven2/org/apache/maven/surefire/surefire-extensions-spi/3.2.5/surefire-extensions-spi-3.2.5.jar
2025-03-10 14:08:00,802 [BasicRepositoryConnector-repo.maven.apache.org-0-1] INFO  o.e.m.c.i.e.AbstractTransferListenerAdapter - Downloaded https://repo.maven.apache.org/maven2/org/apache/maven/surefire/surefire-logger-api/3.2.5/surefire-logger-api-3.2.5.jar
2025-03-10 14:08:00,809 [BasicRepositoryConnector-repo.maven.apache.org-0-2] INFO  o.e.m.c.i.e.AbstractTransferListenerAdapter - Downloading https://repo.maven.apache.org/maven2/org/apache/maven/surefire/surefire-extensions-api/3.2.5/surefire-extensions-api-3.2.5.jar
2025-03-10 14:08:00,811 [BasicRepositoryConnector-repo.maven.apache.org-0-3] INFO  o.e.m.c.i.e.AbstractTransferListenerAdapter - Downloading https://repo.maven.apache.org/maven2/org/apache/maven/surefire/surefire-booter/3.2.5/surefire-booter-3.2.5.jar
2025-03-10 14:08:00,822 [BasicRepositoryConnector-repo.maven.apache.org-0-4] INFO  o.e.m.c.i.e.AbstractTransferListenerAdapter - Downloaded https://repo.maven.apache.org/maven2/org/apache/maven/surefire/surefire-extensions-spi/3.2.5/surefire-extensions-spi-3.2.5.jar
2025-03-10 14:08:00,846 [BasicRepositoryConnector-repo.maven.apache.org-0-2] INFO  o.e.m.c.i.e.AbstractTransferListenerAdapter - Downloaded https://repo.maven.apache.org/maven2/org/apache/maven/surefire/surefire-extensions-api/3.2.5/surefire-extensions-api-3.2.5.jar
2025-03-10 14:08:00,895 [BasicRepositoryConnector-repo.maven.apache.org-0-1] INFO  o.e.m.c.i.e.AbstractTransferListenerAdapter - Downloading https://repo.maven.apache.org/maven2/org/eclipse/aether/aether-api/1.0.0.v20140518/aether-api-1.0.0.v20140518.jar
2025-03-10 14:08:00,952 [BasicRepositoryConnector-repo.maven.apache.org-0-4] INFO  o.e.m.c.i.e.AbstractTransferListenerAdapter - Downloading https://repo.maven.apache.org/maven2/commons-io/commons-io/2.15.1/commons-io-2.15.1.jar
2025-03-10 14:08:00,957 [BasicRepositoryConnector-repo.maven.apache.org-0-2] INFO  o.e.m.c.i.e.AbstractTransferListenerAdapter - Downloading https://repo.maven.apache.org/maven2/org/apache/maven/surefire/surefire-shared-utils/3.2.5/surefire-shared-utils-3.2.5.jar
2025-03-10 14:08:00,971 [BasicRepositoryConnector-repo.maven.apache.org-0-0] INFO  o.e.m.c.i.e.AbstractTransferListenerAdapter - Downloaded https://repo.maven.apache.org/maven2/org/eclipse/aether/aether-util/1.0.0.v20140518/aether-util-1.0.0.v20140518.jar
2025-03-10 14:08:01,048 [BasicRepositoryConnector-repo.maven.apache.org-0-3] INFO  o.e.m.c.i.e.AbstractTransferListenerAdapter - Downloaded https://repo.maven.apache.org/maven2/org/apache/maven/surefire/surefire-booter/3.2.5/surefire-booter-3.2.5.jar
2025-03-10 14:08:01,202 [BasicRepositoryConnector-repo.maven.apache.org-0-1] INFO  o.e.m.c.i.e.AbstractTransferListenerAdapter - Downloaded https://repo.maven.apache.org/maven2/org/eclipse/aether/aether-api/1.0.0.v20140518/aether-api-1.0.0.v20140518.jar
2025-03-10 14:08:01,797 [BasicRepositoryConnector-repo.maven.apache.org-0-4] INFO  o.e.m.c.i.e.AbstractTransferListenerAdapter - Downloaded https://repo.maven.apache.org/maven2/commons-io/commons-io/2.15.1/commons-io-2.15.1.jar
2025-03-10 14:08:03,865 [BasicRepositoryConnector-repo.maven.apache.org-0-2] INFO  o.e.m.c.i.e.AbstractTransferListenerAdapter - Downloaded https://repo.maven.apache.org/maven2/org/apache/maven/surefire/surefire-shared-utils/3.2.5/surefire-shared-utils-3.2.5.jar
2025-03-10 14:08:04,139 [Worker-8: Enabling Maven Dependency Management] INFO  o.e.m.jdt.internal.UnitTestSupport - Reset launch configuration name: Intro2
2025-03-10 14:08:04,140 [Worker-8: Enabling Maven Dependency Management] INFO  o.e.m.jdt.internal.UnitTestSupport - Updating Intro2 from maven configuration
2025-03-10 14:08:04,141 [Worker-8: Enabling Maven Dependency Management] INFO  o.e.m.jdt.internal.UnitTestSupport - Reset launch configuration name: Intro3
2025-03-10 14:08:04,142 [Worker-8: Enabling Maven Dependency Management] INFO  o.e.m.jdt.internal.UnitTestSupport - Updating Intro3 from maven configuration
2025-03-10 14:08:04,143 [Worker-8: Enabling Maven Dependency Management] INFO  o.e.m.jdt.internal.UnitTestSupport - Reset launch configuration name: TestNG_src.Test.Intro.java
2025-03-10 14:08:04,143 [Worker-8: Enabling Maven Dependency Management] INFO  o.e.m.jdt.internal.UnitTestSupport - Updating TestNG_src.Test.Intro.java from maven configuration
2025-03-10 14:08:04,144 [Worker-8: Enabling Maven Dependency Management] INFO  o.e.m.jdt.internal.UnitTestSupport - Reset launch configuration name: TestNG_testng.xml
2025-03-10 14:08:04,145 [Worker-8: Enabling Maven Dependency Management] INFO  o.e.m.jdt.internal.UnitTestSupport - Updating TestNG_testng.xml from maven configuration
2025-03-10 14:08:04,146 [Worker-8: Enabling Maven Dependency Management] INFO  o.e.m.jdt.internal.UnitTestSupport - Reset launch configuration name: TestNG_testng2.xml
2025-03-10 14:08:04,146 [Worker-8: Enabling Maven Dependency Management] INFO  o.e.m.jdt.internal.UnitTestSupport - Updating TestNG_testng2.xml from maven configuration
2025-03-10 14:08:04,147 [Worker-8: Enabling Maven Dependency Management] INFO  o.e.m.jdt.internal.UnitTestSupport - Reset launch configuration name: TestNG_testng3.xml
2025-03-10 14:08:04,148 [Worker-8: Enabling Maven Dependency Management] INFO  o.e.m.jdt.internal.UnitTestSupport - Updating TestNG_testng3.xml from maven configuration
2025-03-10 14:08:04,184 [Worker-8: Enabling Maven Dependency Management] INFO  o.e.m.c.i.p.ProjectConfigurationManager - Update started
2025-03-10 14:08:04,588 [Worker-8: Enabling Maven Dependency Management] INFO  o.e.m.c.i.l.LifecycleMappingFactory - Using org.eclipse.m2e.jdt.JarLifecycleMapping lifecycle mapping for MavenProject: TestNG:TestNG:0.0.1-SNAPSHOT @ C:\Users\Dell\Java_Selenium\TestNG\pom.xml.
2025-03-10 14:08:04,913 [Worker-8: Enabling Maven Dependency Management] INFO  o.e.m.j.i.AbstractJavaProjectConfigurator - Adding source folder /TestNG/src
2025-03-10 14:08:04,914 [Worker-8: Enabling Maven Dependency Management] INFO  o.e.m.j.i.AbstractJavaProjectConfigurator - Resources folder /TestNG/src/main/resources overlaps with sources folder /TestNG/src
2025-03-10 14:08:04,916 [Worker-8: Enabling Maven Dependency Management] INFO  o.e.m.j.i.AbstractJavaProjectConfigurator - Not adding source folder /TestNG/src/test/java because it overlaps with /TestNG/src
2025-03-10 14:08:04,918 [Worker-8: Enabling Maven Dependency Management] INFO  o.e.m.j.i.AbstractJavaProjectConfigurator - Resources folder /TestNG/src/Test/resources overlaps with sources folder /TestNG/src
2025-03-10 14:08:04,953 [Worker-8: Enabling Maven Dependency Management] INFO  o.e.m.jdt.internal.UnitTestSupport - Reset launch configuration name: Intro
2025-03-10 14:08:04,953 [Worker-8: Enabling Maven Dependency Management] INFO  o.e.m.jdt.internal.UnitTestSupport - Updating Intro from maven configuration
2025-03-10 14:08:05,677 [Worker-8: Enabling Maven Dependency Management] INFO  o.e.m.jdt.internal.UnitTestSupport - Reset launch configuration name: Intro2
2025-03-10 14:08:05,678 [Worker-8: Enabling Maven Dependency Management] INFO  o.e.m.jdt.internal.UnitTestSupport - Updating Intro2 from maven configuration
2025-03-10 14:08:05,680 [Worker-8: Enabling Maven Dependency Management] INFO  o.e.m.jdt.internal.UnitTestSupport - Reset launch configuration name: Intro3
2025-03-10 14:08:05,680 [Worker-8: Enabling Maven Dependency Management] INFO  o.e.m.jdt.internal.UnitTestSupport - Updating Intro3 from maven configuration
2025-03-10 14:08:05,684 [Worker-8: Enabling Maven Dependency Management] INFO  o.e.m.jdt.internal.UnitTestSupport - Reset launch configuration name: TestNG_src.Test.Intro.java
2025-03-10 14:08:05,685 [Worker-8: Enabling Maven Dependency Management] INFO  o.e.m.jdt.internal.UnitTestSupport - Updating TestNG_src.Test.Intro.java from maven configuration
2025-03-10 14:08:05,687 [Worker-8: Enabling Maven Dependency Management] INFO  o.e.m.jdt.internal.UnitTestSupport - Reset launch configuration name: TestNG_testng.xml
2025-03-10 14:08:05,687 [Worker-8: Enabling Maven Dependency Management] INFO  o.e.m.jdt.internal.UnitTestSupport - Updating TestNG_testng.xml from maven configuration
2025-03-10 14:08:05,689 [Worker-8: Enabling Maven Dependency Management] INFO  o.e.m.jdt.internal.UnitTestSupport - Reset launch configuration name: TestNG_testng2.xml
2025-03-10 14:08:05,689 [Worker-8: Enabling Maven Dependency Management] INFO  o.e.m.jdt.internal.UnitTestSupport - Updating TestNG_testng2.xml from maven configuration
2025-03-10 14:08:05,691 [Worker-8: Enabling Maven Dependency Management] INFO  o.e.m.jdt.internal.UnitTestSupport - Reset launch configuration name: TestNG_testng3.xml
2025-03-10 14:08:05,692 [Worker-8: Enabling Maven Dependency Management] INFO  o.e.m.jdt.internal.UnitTestSupport - Updating TestNG_testng3.xml from maven configuration
2025-03-10 14:08:05,856 [Worker-8: Enabling Maven Dependency Management] INFO  o.e.m.c.i.p.ProjectConfigurationManager - Update completed for 1 poms: local refresh takes 0.00 sec, refresh facades takes 0.00 sec, update config takes 0.00 sec 
2025-03-10 14:08:06,190 [Worker-8: Building] WARN  o.a.m.s.f.DefaultMavenResourcesFiltering - Using platform encoding (UTF-8 actually) to copy filtered resources, i.e. build is platform dependent!
2025-03-10 14:08:06,192 [Worker-8: Building] INFO  o.a.m.s.f.DefaultMavenResourcesFiltering - skip non existing resourceDirectory C:\Users\Dell\Java_Selenium\TestNG\src\main\resources
2025-03-10 14:08:06,202 [Worker-8: Building] WARN  o.a.m.s.f.DefaultMavenResourcesFiltering - Using platform encoding (UTF-8 actually) to copy filtered resources, i.e. build is platform dependent!
2025-03-10 14:08:06,204 [Worker-8: Building] INFO  o.a.m.s.f.DefaultMavenResourcesFiltering - skip non existing resourceDirectory C:\Users\Dell\Java_Selenium\TestNG\src\test\resources
2025-03-10 14:08:57,562 [Worker-18: Enabling Maven Dependency Management] INFO  o.e.m.c.i.l.LifecycleMappingFactory - Using org.eclipse.m2e.jdt.JarLifecycleMapping lifecycle mapping for MavenProject: Inheritance:Inheritance:0.0.1-SNAPSHOT @ C:\Users\Dell\Java_Selenium\Inheritance\pom.xml.
2025-03-10 14:08:58,897 [Worker-18: Enabling Maven Dependency Management] INFO  o.e.m.j.i.AbstractJavaProjectConfigurator - Adding source folder /Inheritance/src
2025-03-10 14:08:58,899 [Worker-18: Enabling Maven Dependency Management] INFO  o.e.m.j.i.AbstractJavaProjectConfigurator - Resources folder /Inheritance/src/main/resources overlaps with sources folder /Inheritance/src
2025-03-10 14:08:58,900 [Worker-18: Enabling Maven Dependency Management] INFO  o.e.m.j.i.AbstractJavaProjectConfigurator - Not adding source folder /Inheritance/src/test/java because it overlaps with /Inheritance/src
2025-03-10 14:08:58,902 [Worker-18: Enabling Maven Dependency Management] INFO  o.e.m.j.i.AbstractJavaProjectConfigurator - Resources folder /Inheritance/src/test/resources overlaps with sources folder /Inheritance/src
2025-03-10 14:08:59,043 [Worker-18: Enabling Maven Dependency Management] INFO  o.e.m.jdt.internal.UnitTestSupport - Reset launch configuration name: Inheritance_src.PS1.java
2025-03-10 14:08:59,044 [Worker-18: Enabling Maven Dependency Management] INFO  o.e.m.jdt.internal.UnitTestSupport - Updating Inheritance_src.PS1.java from maven configuration
2025-03-10 14:08:59,061 [Worker-18: Enabling Maven Dependency Management] INFO  o.e.m.jdt.internal.UnitTestSupport - Reset launch configuration name: PS
2025-03-10 14:08:59,061 [Worker-18: Enabling Maven Dependency Management] INFO  o.e.m.jdt.internal.UnitTestSupport - Updating PS from maven configuration
2025-03-10 14:08:59,063 [Worker-18: Enabling Maven Dependency Management] INFO  o.e.m.jdt.internal.UnitTestSupport - Reset launch configuration name: PS1
2025-03-10 14:08:59,063 [Worker-18: Enabling Maven Dependency Management] INFO  o.e.m.jdt.internal.UnitTestSupport - Updating PS1 from maven configuration
2025-03-10 14:08:59,094 [Worker-18: Enabling Maven Dependency Management] INFO  o.e.m.c.i.p.ProjectConfigurationManager - Update started
2025-03-10 14:08:59,246 [Worker-18: Enabling Maven Dependency Management] INFO  o.e.m.c.i.l.LifecycleMappingFactory - Using org.eclipse.m2e.jdt.JarLifecycleMapping lifecycle mapping for MavenProject: Inheritance:Inheritance:0.0.1-SNAPSHOT @ C:\Users\Dell\Java_Selenium\Inheritance\pom.xml.
2025-03-10 14:08:59,531 [Worker-18: Enabling Maven Dependency Management] INFO  o.e.m.j.i.AbstractJavaProjectConfigurator - Adding source folder /Inheritance/src
2025-03-10 14:08:59,534 [Worker-18: Enabling Maven Dependency Management] INFO  o.e.m.j.i.AbstractJavaProjectConfigurator - Resources folder /Inheritance/src/main/resources overlaps with sources folder /Inheritance/src
2025-03-10 14:08:59,536 [Worker-18: Enabling Maven Dependency Management] INFO  o.e.m.j.i.AbstractJavaProjectConfigurator - Not adding source folder /Inheritance/src/test/java because it overlaps with /Inheritance/src
2025-03-10 14:08:59,538 [Worker-18: Enabling Maven Dependency Management] INFO  o.e.m.j.i.AbstractJavaProjectConfigurator - Resources folder /Inheritance/src/test/resources overlaps with sources folder /Inheritance/src
2025-03-10 14:08:59,576 [Worker-18: Enabling Maven Dependency Management] INFO  o.e.m.jdt.internal.UnitTestSupport - Reset launch configuration name: Inheritance_src.PS1.java
2025-03-10 14:08:59,576 [Worker-18: Enabling Maven Dependency Management] INFO  o.e.m.jdt.internal.UnitTestSupport - Updating Inheritance_src.PS1.java from maven configuration
2025-03-10 14:08:59,589 [Worker-18: Enabling Maven Dependency Management] INFO  o.e.m.jdt.internal.UnitTestSupport - Reset launch configuration name: PS
2025-03-10 14:08:59,590 [Worker-18: Enabling Maven Dependency Management] INFO  o.e.m.jdt.internal.UnitTestSupport - Updating PS from maven configuration
2025-03-10 14:08:59,594 [Worker-18: Enabling Maven Dependency Management] INFO  o.e.m.jdt.internal.UnitTestSupport - Reset launch configuration name: PS1
2025-03-10 14:08:59,594 [Worker-18: Enabling Maven Dependency Management] INFO  o.e.m.jdt.internal.UnitTestSupport - Updating PS1 from maven configuration
2025-03-10 14:08:59,684 [Worker-18: Enabling Maven Dependency Management] INFO  o.e.m.c.i.p.ProjectConfigurationManager - Update completed for 1 poms: local refresh takes 0.00 sec, refresh facades takes 0.00 sec, update config takes 0.00 sec 
2025-03-10 14:08:59,961 [Worker-19: Building] WARN  o.a.m.s.f.DefaultMavenResourcesFiltering - Using platform encoding (UTF-8 actually) to copy filtered resources, i.e. build is platform dependent!
2025-03-10 14:08:59,963 [Worker-19: Building] INFO  o.a.m.s.f.DefaultMavenResourcesFiltering - skip non existing resourceDirectory C:\Users\Dell\Java_Selenium\Inheritance\src\main\resources
2025-03-10 14:08:59,970 [Worker-19: Building] WARN  o.a.m.s.f.DefaultMavenResourcesFiltering - Using platform encoding (UTF-8 actually) to copy filtered resources, i.e. build is platform dependent!
2025-03-10 14:08:59,982 [Worker-19: Building] INFO  o.a.m.s.f.DefaultMavenResourcesFiltering - skip non existing resourceDirectory C:\Users\Dell\Java_Selenium\Inheritance\src\test\resources
2025-03-10 14:11:37,224 [Worker-15: Building] INFO  o.e.m.c.i.l.LifecycleMappingFactory - Using org.eclipse.m2e.jdt.JarLifecycleMapping lifecycle mapping for MavenProject: Inheritance:Inheritance:0.0.1-SNAPSHOT @ C:\Users\Dell\Java_Selenium\Inheritance\pom.xml.
2025-03-10 14:11:38,119 [Worker-15: Building] WARN  o.a.m.s.f.DefaultMavenResourcesFiltering - Using platform encoding (UTF-8 actually) to copy filtered resources, i.e. build is platform dependent!
2025-03-10 14:11:38,121 [Worker-15: Building] INFO  o.a.m.s.f.DefaultMavenResourcesFiltering - skip non existing resourceDirectory C:\Users\Dell\Java_Selenium\Inheritance\src\main\resources
2025-03-10 14:11:38,126 [Worker-15: Building] WARN  o.a.m.s.f.DefaultMavenResourcesFiltering - Using platform encoding (UTF-8 actually) to copy filtered resources, i.e. build is platform dependent!
2025-03-10 14:11:38,128 [Worker-15: Building] INFO  o.a.m.s.f.DefaultMavenResourcesFiltering - skip non existing resourceDirectory C:\Users\Dell\Java_Selenium\Inheritance\src\test\resources
2025-03-10 14:11:39,586 [Worker-19: Building] WARN  o.a.m.s.f.DefaultMavenResourcesFiltering - Using platform encoding (UTF-8 actually) to copy filtered resources, i.e. build is platform dependent!
2025-03-10 14:11:39,588 [Worker-19: Building] INFO  o.a.m.s.f.DefaultMavenResourcesFiltering - skip non existing resourceDirectory C:\Users\Dell\Java_Selenium\Inheritance\src\main\resources
2025-03-10 14:11:39,594 [Worker-19: Building] WARN  o.a.m.s.f.DefaultMavenResourcesFiltering - Using platform encoding (UTF-8 actually) to copy filtered resources, i.e. build is platform dependent!
2025-03-10 14:11:39,596 [Worker-19: Building] INFO  o.a.m.s.f.DefaultMavenResourcesFiltering - skip non existing resourceDirectory C:\Users\Dell\Java_Selenium\Inheritance\src\test\resources
2025-03-10 14:12:09,305 [Worker-18: Building] INFO  o.e.m.c.i.l.LifecycleMappingFactory - Using org.eclipse.m2e.jdt.JarLifecycleMapping lifecycle mapping for MavenProject: TestNG:TestNG:0.0.1-SNAPSHOT @ C:\Users\Dell\Java_Selenium\TestNG\pom.xml.
2025-03-10 14:12:10,124 [Worker-18: Building] WARN  o.a.m.s.f.DefaultMavenResourcesFiltering - Using platform encoding (UTF-8 actually) to copy filtered resources, i.e. build is platform dependent!
2025-03-10 14:12:10,127 [Worker-18: Building] INFO  o.a.m.s.f.DefaultMavenResourcesFiltering - skip non existing resourceDirectory C:\Users\Dell\Java_Selenium\TestNG\src\main\resources
2025-03-10 14:12:10,134 [Worker-18: Building] WARN  o.a.m.s.f.DefaultMavenResourcesFiltering - Using platform encoding (UTF-8 actually) to copy filtered resources, i.e. build is platform dependent!
2025-03-10 14:12:10,136 [Worker-18: Building] INFO  o.a.m.s.f.DefaultMavenResourcesFiltering - skip non existing resourceDirectory C:\Users\Dell\Java_Selenium\TestNG\src\test\resources
2025-03-10 14:12:11,536 [Worker-18: Building] WARN  o.a.m.s.f.DefaultMavenResourcesFiltering - Using platform encoding (UTF-8 actually) to copy filtered resources, i.e. build is platform dependent!
2025-03-10 14:12:11,539 [Worker-18: Building] INFO  o.a.m.s.f.DefaultMavenResourcesFiltering - skip non existing resourceDirectory C:\Users\Dell\Java_Selenium\TestNG\src\main\resources
2025-03-10 14:12:11,545 [Worker-18: Building] WARN  o.a.m.s.f.DefaultMavenResourcesFiltering - Using platform encoding (UTF-8 actually) to copy filtered resources, i.e. build is platform dependent!
2025-03-10 14:12:11,547 [Worker-18: Building] INFO  o.a.m.s.f.DefaultMavenResourcesFiltering - skip non existing resourceDirectory C:\Users\Dell\Java_Selenium\TestNG\src\test\resources
2025-03-10 14:13:06,025 [main] INFO  o.e.m.jdt.internal.UnitTestSupport - Updating Inheritance_testng.xml from maven configuration
2025-03-10 14:17:04,277 [Worker-15: Building] WARN  o.a.m.s.f.DefaultMavenResourcesFiltering - Using platform encoding (UTF-8 actually) to copy filtered resources, i.e. build is platform dependent!
2025-03-10 14:17:04,280 [Worker-15: Building] INFO  o.a.m.s.f.DefaultMavenResourcesFiltering - skip non existing resourceDirectory C:\Users\Dell\Java_Selenium\Inheritance\src\main\resources
2025-03-10 14:17:04,286 [Worker-15: Building] WARN  o.a.m.s.f.DefaultMavenResourcesFiltering - Using platform encoding (UTF-8 actually) to copy filtered resources, i.e. build is platform dependent!
2025-03-10 14:17:04,287 [Worker-15: Building] INFO  o.a.m.s.f.DefaultMavenResourcesFiltering - skip non existing resourceDirectory C:\Users\Dell\Java_Selenium\Inheritance\src\test\resources
2025-03-10 17:03:28,745 [Worker-2: Loading available Gradle versions] INFO  o.e.b.c.i.u.g.PublishedGradleVersions - Gradle version information cache is up-to-date. Trying to read.
